<?xml version="1.0" encoding="UTF-8"?>
<!-- Generated by org.testng.reporters.JUnitReportReporter -->
<testsuite hostname="STGIDT-NEW-168" failures="0" tests="1" name="com.test.SampleTest" time="0.009" errors="0" timestamp="2023-08-28T13:37:38 IST" skipped="0">
  <testcase classname="com.test.SampleTest" name="reverseString" time="0.009"/>
  <system-out/>
</testsuite> <!-- com.test.SampleTest -->
